0 info it worked if it ends with ok
1 verbose cli [ '/Users/Rob/.nvm/versions/node/v6.9.5/bin/node',
1 verbose cli   '/Users/Rob/.nvm/versions/node/v6.9.5/bin/npm',
1 verbose cli   'start' ]
2 info using npm@3.10.10
3 info using node@v6.9.5
4 verbose run-script [ 'prestart', 'start', 'poststart' ]
5 info lifecycle postcodes.io@6.1.1~prestart: postcodes.io@6.1.1
6 silly lifecycle postcodes.io@6.1.1~prestart: no script for prestart, continuing
7 info lifecycle postcodes.io@6.1.1~start: postcodes.io@6.1.1
8 verbose lifecycle postcodes.io@6.1.1~start: unsafe-perm in lifecycle true
9 verbose lifecycle postcodes.io@6.1.1~start: PATH: /Users/Rob/.nvm/versions/node/v6.9.5/lib/node_modules/npm/bin/node-gyp-bin:/Users/Rob/Documents/Work/postcodes.io/node_modules/.bin:/usr/local/opt/qt@5.5/bin:/Users/Rob/.rvm/gems/ruby-2.3.4/bin:/Users/Rob/.rvm/gems/ruby-2.3.4@global/bin:/Users/Rob/.rvm/rubies/ruby-2.3.4/bin:/Users/Rob/.nvm/versions/node/v6.9.5/bin:/usr/local/bin:/usr/bin:/bin:/usr/sbin:/sbin:/Applications/Postgres.app/Contents/Versions/latest/bin:/Users/Rob/.rvm/bin:/Users/Rob/.rvm/bin
10 verbose lifecycle postcodes.io@6.1.1~start: CWD: /Users/Rob/Documents/Work/postcodes.io
11 silly lifecycle postcodes.io@6.1.1~start: Args: [ '-c', 'node server.js' ]
12 silly lifecycle postcodes.io@6.1.1~start: Returned: code: 1  signal: null
13 info lifecycle postcodes.io@6.1.1~start: Failed to exec start script
14 verbose stack Error: postcodes.io@6.1.1 start: `node server.js`
14 verbose stack Exit status 1
14 verbose stack     at EventEmitter.<anonymous> (/Users/Rob/.nvm/versions/node/v6.9.5/lib/node_modules/npm/lib/utils/lifecycle.js:255:16)
14 verbose stack     at emitTwo (events.js:106:13)
14 verbose stack     at EventEmitter.emit (events.js:191:7)
14 verbose stack     at ChildProcess.<anonymous> (/Users/Rob/.nvm/versions/node/v6.9.5/lib/node_modules/npm/lib/utils/spawn.js:40:14)
14 verbose stack     at emitTwo (events.js:106:13)
14 verbose stack     at ChildProcess.emit (events.js:191:7)
14 verbose stack     at maybeClose (internal/child_process.js:877:16)
14 verbose stack     at Process.ChildProcess._handle.onexit (internal/child_process.js:226:5)
15 verbose pkgid postcodes.io@6.1.1
16 verbose cwd /Users/Rob/Documents/Work/postcodes.io/app/views/layouts
17 error Darwin 16.6.0
18 error argv "/Users/Rob/.nvm/versions/node/v6.9.5/bin/node" "/Users/Rob/.nvm/versions/node/v6.9.5/bin/npm" "start"
19 error node v6.9.5
20 error npm  v3.10.10
21 error code ELIFECYCLE
22 error postcodes.io@6.1.1 start: `node server.js`
22 error Exit status 1
23 error Failed at the postcodes.io@6.1.1 start script 'node server.js'.
23 error Make sure you have the latest version of node.js and npm installed.
23 error If you do, this is most likely a problem with the postcodes.io package,
23 error not with npm itself.
23 error Tell the author that this fails on your system:
23 error     node server.js
23 error You can get information on how to open an issue for this project with:
23 error     npm bugs postcodes.io
23 error Or if that isn't available, you can get their info via:
23 error     npm owner ls postcodes.io
23 error There is likely additional logging output above.
24 verbose exit [ 1, true ]
